<?xml version="1.0" ?>
<coverage version="7.16.1" timestamp="1790096839506" lines-valid="27" lines-covered="26" line-rate="0.963" branches-valid="12" branches-covered="11" branch-rate="0.9167" complexity="0">
	<!-- Generated by coverage.py: https://coverage.readthedocs.io/en/7.16.1 -->
	<!-- Based on https://raw.githubusercontent.com/cobertura/web/master/htdocs/xml/coverage-04.dtd -->
	<sources>
		<source>C:\Users\kaluz\OneDrive\Desktop\Module 2\python-project-50\gendiff</source>
	</sources>
	<packages>
		<package name="." line-rate="0.963" branch-rate="0.9167" complexity="0">
			<classes>
				<class name="__init__.py" filename="__init__.py" complexity="0" line-rate="1" branch-rate="1">
					<methods/>
					<lines>
						<line number="1" hits="1"/>
						<line number="3" hits="1"/>
					</lines>
				</class>
				<class name="generate_diff.py" filename="generate_diff.py" complexity="0" line-rate="0.96" branch-rate="0.9167">
					<methods/>
					<lines>
						<line number="1" hits="1"/>
						<line number="4" hits="1"/>
						<line number="5" hits="1"/>
						<line number="6" hits="1"/>
						<line number="7" hits="1"/>
						<line number="8" hits="1"/>
						<line number="10" hits="1"/>
						<line number="11" hits="1"/>
						<line number="13" hits="1" branch="true" condition-coverage="100% (2/2)"/>
						<line number="14" hits="1" branch="true" condition-coverage="100% (2/2)"/>
						<line number="15" hits="1"/>
						<line number="16" hits="1" branch="true" condition-coverage="100% (2/2)"/>
						<line number="17" hits="1"/>
						<line number="18" hits="1" branch="true" condition-coverage="100% (2/2)"/>
						<line number="19" hits="1"/>
						<line number="21" hits="1"/>
						<line number="22" hits="1"/>
						<line number="24" hits="1"/>
						<line number="25" hits="1"/>
						<line number="28" hits="1"/>
						<line number="29" hits="1" branch="true" condition-coverage="100% (2/2)"/>
						<line number="30" hits="1"/>
						<line number="31" hits="1" branch="true" condition-coverage="50% (1/2)" missing-branches="32"/>
						<line number="32" hits="0"/>
						<line number="33" hits="1"/>
					</lines>
				</class>
			</classes>
		</package>
	</packages>
</coverage>
